2026-07-07 21:02:10,336 - 🛡 Admin Bot starting...
2026-07-07 21:02:14,150 - HTTP Request: POST https://api.telegram.org/bot8883943020:AAHlgb8zztd0SPDXdipKK5e-6j_yye28AyU/getMe "HTTP/1.1 200 OK"
2026-07-07 21:02:14,158 - Scheduler started
2026-07-07 21:02:14,159 - Application started
2026-07-07 21:02:14,357 - HTTP Request: POST https://api.telegram.org/bot8883943020:AAHlgb8zztd0SPDXdipKK5e-6j_yye28AyU/deleteWebhook "HTTP/1.1 200 OK"
2026-07-07 21:02:25,008 - HTTP Request: POST https://api.telegram.org/bot8883943020:AAHlgb8zztd0SPDXdipKK5e-6j_yye28AyU/getUpdates "HTTP/1.1 200 OK"
2026-07-07 21:02:35,220 - HTTP Request: POST https://api.telegram.org/bot8883943020:AAHlgb8zztd0SPDXdipKK5e-6j_yye28AyU/getUpdates "HTTP/1.1 200 OK"
2026-07-07 21:02:45,420 - HTTP Request: POST https://api.telegram.org/bot8883943020:AAHlgb8zztd0SPDXdipKK5e-6j_yye28AyU/getUpdates "HTTP/1.1 200 OK"
2026-07-07 21:02:55,618 - HTTP Request: POST https://api.telegram.org/bot8883943020:AAHlgb8zztd0SPDXdipKK5e-6j_yye28AyU/getUpdates "HTTP/1.1 200 OK"
2026-07-07 21:03:05,814 - HTTP Request: POST https://api.telegram.org/bot8883943020:AAHlgb8zztd0SPDXdipKK5e-6j_yye28AyU/getUpdates "HTTP/1.1 200 OK"
2026-07-07 21:03:16,016 - HTTP Request: POST https://api.telegram.org/bot8883943020:AAHlgb8zztd0SPDXdipKK5e-6j_yye28AyU/getUpdates "HTTP/1.1 200 OK"
2026-07-07 21:03:26,237 - HTTP Request: POST https://api.telegram.org/bot8883943020:AAHlgb8zztd0SPDXdipKK5e-6j_yye28AyU/getUpdates "HTTP/1.1 200 OK"
2026-07-07 21:03:36,438 - HTTP Request: POST https://api.telegram.org/bot8883943020:AAHlgb8zztd0SPDXdipKK5e-6j_yye28AyU/getUpdates "HTTP/1.1 200 OK"
2026-07-07 21:03:46,634 - HTTP Request: POST https://api.telegram.org/bot8883943020:AAHlgb8zztd0SPDXdipKK5e-6j_yye28AyU/getUpdates "HTTP/1.1 200 OK"
2026-07-07 21:03:56,824 - HTTP Request: POST https://api.telegram.org/bot8883943020:AAHlgb8zztd0SPDXdipKK5e-6j_yye28AyU/getUpdates "HTTP/1.1 200 OK"
2026-07-07 21:04:07,008 - HTTP Request: POST https://api.telegram.org/bot8883943020:AAHlgb8zztd0SPDXdipKK5e-6j_yye28AyU/getUpdates "HTTP/1.1 200 OK"
2026-07-07 21:04:17,209 - HTTP Request: POST https://api.telegram.org/bot8883943020:AAHlgb8zztd0SPDXdipKK5e-6j_yye28AyU/getUpdates "HTTP/1.1 200 OK"
2026-07-07 21:04:27,415 - HTTP Request: POST https://api.telegram.org/bot8883943020:AAHlgb8zztd0SPDXdipKK5e-6j_yye28AyU/getUpdates "HTTP/1.1 200 OK"
2026-07-07 21:04:37,618 - HTTP Request: POST https://api.telegram.org/bot8883943020:AAHlgb8zztd0SPDXdipKK5e-6j_yye28AyU/getUpdates "HTTP/1.1 200 OK"
2026-07-07 21:04:47,825 - HTTP Request: POST https://api.telegram.org/bot8883943020:AAHlgb8zztd0SPDXdipKK5e-6j_yye28AyU/getUpdates "HTTP/1.1 200 OK"
2026-07-07 21:04:58,024 - HTTP Request: POST https://api.telegram.org/bot8883943020:AAHlgb8zztd0SPDXdipKK5e-6j_yye28AyU/getUpdates "HTTP/1.1 200 OK"
2026-07-07 21:05:08,220 - HTTP Request: POST https://api.telegram.org/bot8883943020:AAHlgb8zztd0SPDXdipKK5e-6j_yye28AyU/getUpdates "HTTP/1.1 200 OK"
2026-07-07 21:05:18,416 - HTTP Request: POST https://api.telegram.org/bot8883943020:AAHlgb8zztd0SPDXdipKK5e-6j_yye28AyU/getUpdates "HTTP/1.1 200 OK"
2026-07-07 21:05:28,612 - HTTP Request: POST https://api.telegram.org/bot8883943020:AAHlgb8zztd0SPDXdipKK5e-6j_yye28AyU/getUpdates "HTTP/1.1 200 OK"
2026-07-07 21:05:35,454 - HTTP Request: POST https://api.telegram.org/bot8883943020:AAHlgb8zztd0SPDXdipKK5e-6j_yye28AyU/getUpdates "HTTP/1.1 200 OK"
2026-07-07 21:05:36,460 - HTTP Request: POST https://api.telegram.org/bot8883943020:AAHlgb8zztd0SPDXdipKK5e-6j_yye28AyU/sendMessage "HTTP/1.1 200 OK"
2026-07-07 21:05:37,636 - HTTP Request: POST https://api.telegram.org/bot8883943020:AAHlgb8zztd0SPDXdipKK5e-6j_yye28AyU/getUpdates "HTTP/1.1 200 OK"
2026-07-07 21:05:38,036 - HTTP Request: POST https://api.telegram.org/bot8883943020:AAHlgb8zztd0SPDXdipKK5e-6j_yye28AyU/sendMessage "HTTP/1.1 200 OK"
2026-07-07 21:05:47,846 - HTTP Request: POST https://api.telegram.org/bot8883943020:AAHlgb8zztd0SPDXdipKK5e-6j_yye28AyU/getUpdates "HTTP/1.1 200 OK"
2026-07-07 21:05:57,221 - HTTP Request: POST https://api.telegram.org/bot8883943020:AAHlgb8zztd0SPDXdipKK5e-6j_yye28AyU/getUpdates "HTTP/1.1 200 OK"
2026-07-07 21:05:57,463 - HTTP Request: POST https://api.telegram.org/bot8883943020:AAHlgb8zztd0SPDXdipKK5e-6j_yye28AyU/getUpdates "HTTP/1.1 200 OK"
2026-07-07 21:05:57,647 - HTTP Request: POST https://api.telegram.org/bot8883943020:AAHlgb8zztd0SPDXdipKK5e-6j_yye28AyU/getUpdates "HTTP/1.1 200 OK"
2026-07-07 21:05:57,837 - HTTP Request: POST https://api.telegram.org/bot8883943020:AAHlgb8zztd0SPDXdipKK5e-6j_yye28AyU/getUpdates "HTTP/1.1 200 OK"
2026-07-07 21:05:57,995 - HTTP Request: POST https://api.telegram.org/bot8883943020:AAHlgb8zztd0SPDXdipKK5e-6j_yye28AyU/sendMessage "HTTP/1.1 200 OK"
2026-07-07 21:05:58,094 - HTTP Request: POST https://api.telegram.org/bot8883943020:AAHlgb8zztd0SPDXdipKK5e-6j_yye28AyU/getUpdates "HTTP/1.1 200 OK"
2026-07-07 21:05:58,281 - HTTP Request: POST https://api.telegram.org/bot8883943020:AAHlgb8zztd0SPDXdipKK5e-6j_yye28AyU/getUpdates "HTTP/1.1 200 OK"
2026-07-07 21:05:58,395 - HTTP Request: POST https://api.telegram.org/bot8883943020:AAHlgb8zztd0SPDXdipKK5e-6j_yye28AyU/sendMessage "HTTP/1.1 200 OK"
2026-07-07 21:05:58,505 - HTTP Request: POST https://api.telegram.org/bot8883943020:AAHlgb8zztd0SPDXdipKK5e-6j_yye28AyU/getUpdates "HTTP/1.1 200 OK"
2026-07-07 21:05:58,791 - HTTP Request: POST https://api.telegram.org/bot8883943020:AAHlgb8zztd0SPDXdipKK5e-6j_yye28AyU/sendMessage "HTTP/1.1 200 OK"
2026-07-07 21:05:59,211 - HTTP Request: POST https://api.telegram.org/bot8883943020:AAHlgb8zztd0SPDXdipKK5e-6j_yye28AyU/sendMessage "HTTP/1.1 200 OK"
2026-07-07 21:05:59,621 - HTTP Request: POST https://api.telegram.org/bot8883943020:AAHlgb8zztd0SPDXdipKK5e-6j_yye28AyU/sendMessage "HTTP/1.1 200 OK"
2026-07-07 21:06:00,042 - HTTP Request: POST https://api.telegram.org/bot8883943020:AAHlgb8zztd0SPDXdipKK5e-6j_yye28AyU/sendMessage "HTTP/1.1 200 OK"
2026-07-07 21:06:00,478 - HTTP Request: POST https://api.telegram.org/bot8883943020:AAHlgb8zztd0SPDXdipKK5e-6j_yye28AyU/sendMessage "HTTP/1.1 200 OK"
2026-07-07 21:06:00,898 - HTTP Request: POST https://api.telegram.org/bot8883943020:AAHlgb8zztd0SPDXdipKK5e-6j_yye28AyU/sendMessage "HTTP/1.1 200 OK"
2026-07-07 21:06:01,351 - HTTP Request: POST https://api.telegram.org/bot8883943020:AAHlgb8zztd0SPDXdipKK5e-6j_yye28AyU/sendMessage "HTTP/1.1 200 OK"
2026-07-07 21:06:01,786 - HTTP Request: POST https://api.telegram.org/bot8883943020:AAHlgb8zztd0SPDXdipKK5e-6j_yye28AyU/sendMessage "HTTP/1.1 200 OK"
2026-07-07 21:06:02,597 - HTTP Request: POST https://api.telegram.org/bot8883943020:AAHlgb8zztd0SPDXdipKK5e-6j_yye28AyU/sendMessage "HTTP/1.1 200 OK"
2026-07-07 21:06:03,321 - HTTP Request: POST https://api.telegram.org/bot8883943020:AAHlgb8zztd0SPDXdipKK5e-6j_yye28AyU/sendMessage "HTTP/1.1 200 OK"
2026-07-07 21:06:03,733 - HTTP Request: POST https://api.telegram.org/bot8883943020:AAHlgb8zztd0SPDXdipKK5e-6j_yye28AyU/sendMessage "HTTP/1.1 200 OK"
2026-07-07 21:06:03,869 - HTTP Request: POST https://api.telegram.org/bot8883943020:AAHlgb8zztd0SPDXdipKK5e-6j_yye28AyU/getUpdates "HTTP/1.1 200 OK"
2026-07-07 21:06:04,143 - HTTP Request: POST https://api.telegram.org/bot8883943020:AAHlgb8zztd0SPDXdipKK5e-6j_yye28AyU/sendMessage "HTTP/1.1 200 OK"
2026-07-07 21:06:04,554 - HTTP Request: POST https://api.telegram.org/bot8883943020:AAHlgb8zztd0SPDXdipKK5e-6j_yye28AyU/answerCallbackQuery "HTTP/1.1 200 OK"
2026-07-07 21:06:05,021 - HTTP Request: POST https://api.telegram.org/bot8883943020:AAHlgb8zztd0SPDXdipKK5e-6j_yye28AyU/sendMessage "HTTP/1.1 200 OK"
2026-07-07 21:06:14,072 - HTTP Request: POST https://api.telegram.org/bot8883943020:AAHlgb8zztd0SPDXdipKK5e-6j_yye28AyU/getUpdates "HTTP/1.1 200 OK"
2026-07-07 21:06:24,354 - HTTP Request: POST https://api.telegram.org/bot8883943020:AAHlgb8zztd0SPDXdipKK5e-6j_yye28AyU/getUpdates "HTTP/1.1 200 OK"
2026-07-07 21:06:34,598 - HTTP Request: POST https://api.telegram.org/bot8883943020:AAHlgb8zztd0SPDXdipKK5e-6j_yye28AyU/getUpdates "HTTP/1.1 200 OK"
2026-07-07 21:06:44,796 - HTTP Request: POST https://api.telegram.org/bot8883943020:AAHlgb8zztd0SPDXdipKK5e-6j_yye28AyU/getUpdates "HTTP/1.1 200 OK"
2026-07-07 21:06:54,990 - HTTP Request: POST https://api.telegram.org/bot8883943020:AAHlgb8zztd0SPDXdipKK5e-6j_yye28AyU/getUpdates "HTTP/1.1 200 OK"
2026-07-07 21:07:05,188 - HTTP Request: POST https://api.telegram.org/bot8883943020:AAHlgb8zztd0SPDXdipKK5e-6j_yye28AyU/getUpdates "HTTP/1.1 200 OK"
2026-07-07 21:07:15,388 - HTTP Request: POST https://api.telegram.org/bot8883943020:AAHlgb8zztd0SPDXdipKK5e-6j_yye28AyU/getUpdates "HTTP/1.1 200 OK"
2026-07-07 21:07:25,585 - HTTP Request: POST https://api.telegram.org/bot8883943020:AAHlgb8zztd0SPDXdipKK5e-6j_yye28AyU/getUpdates "HTTP/1.1 200 OK"
2026-07-07 21:07:35,778 - HTTP Request: POST https://api.telegram.org/bot8883943020:AAHlgb8zztd0SPDXdipKK5e-6j_yye28AyU/getUpdates "HTTP/1.1 200 OK"
2026-07-07 21:07:45,972 - HTTP Request: POST https://api.telegram.org/bot8883943020:AAHlgb8zztd0SPDXdipKK5e-6j_yye28AyU/getUpdates "HTTP/1.1 200 OK"
2026-07-07 21:07:56,185 - HTTP Request: POST https://api.telegram.org/bot8883943020:AAHlgb8zztd0SPDXdipKK5e-6j_yye28AyU/getUpdates "HTTP/1.1 200 OK"
2026-07-07 21:08:06,385 - HTTP Request: POST https://api.telegram.org/bot8883943020:AAHlgb8zztd0SPDXdipKK5e-6j_yye28AyU/getUpdates "HTTP/1.1 200 OK"
2026-07-07 21:08:16,607 - HTTP Request: POST https://api.telegram.org/bot8883943020:AAHlgb8zztd0SPDXdipKK5e-6j_yye28AyU/getUpdates "HTTP/1.1 200 OK"
2026-07-07 21:08:26,806 - HTTP Request: POST https://api.telegram.org/bot8883943020:AAHlgb8zztd0SPDXdipKK5e-6j_yye28AyU/getUpdates "HTTP/1.1 200 OK"
2026-07-07 21:08:37,010 - HTTP Request: POST https://api.telegram.org/bot8883943020:AAHlgb8zztd0SPDXdipKK5e-6j_yye28AyU/getUpdates "HTTP/1.1 200 OK"
2026-07-07 21:08:47,209 - HTTP Request: POST https://api.telegram.org/bot8883943020:AAHlgb8zztd0SPDXdipKK5e-6j_yye28AyU/getUpdates "HTTP/1.1 200 OK"
2026-07-07 21:08:57,404 - HTTP Request: POST https://api.telegram.org/bot8883943020:AAHlgb8zztd0SPDXdipKK5e-6j_yye28AyU/getUpdates "HTTP/1.1 200 OK"
2026-07-07 21:09:07,608 - HTTP Request: POST https://api.telegram.org/bot8883943020:AAHlgb8zztd0SPDXdipKK5e-6j_yye28AyU/getUpdates "HTTP/1.1 200 OK"
2026-07-07 21:09:17,816 - HTTP Request: POST https://api.telegram.org/bot8883943020:AAHlgb8zztd0SPDXdipKK5e-6j_yye28AyU/getUpdates "HTTP/1.1 200 OK"
2026-07-07 21:09:28,026 - HTTP Request: POST https://api.telegram.org/bot8883943020:AAHlgb8zztd0SPDXdipKK5e-6j_yye28AyU/getUpdates "HTTP/1.1 200 OK"
2026-07-07 21:09:38,231 - HTTP Request: POST https://api.telegram.org/bot8883943020:AAHlgb8zztd0SPDXdipKK5e-6j_yye28AyU/getUpdates "HTTP/1.1 200 OK"
2026-07-07 21:09:48,435 - HTTP Request: POST https://api.telegram.org/bot8883943020:AAHlgb8zztd0SPDXdipKK5e-6j_yye28AyU/getUpdates "HTTP/1.1 200 OK"
2026-07-07 21:09:58,635 - HTTP Request: POST https://api.telegram.org/bot8883943020:AAHlgb8zztd0SPDXdipKK5e-6j_yye28AyU/getUpdates "HTTP/1.1 200 OK"
2026-07-07 21:10:08,838 - HTTP Request: POST https://api.telegram.org/bot8883943020:AAHlgb8zztd0SPDXdipKK5e-6j_yye28AyU/getUpdates "HTTP/1.1 200 OK"
2026-07-07 21:10:19,038 - HTTP Request: POST https://api.telegram.org/bot8883943020:AAHlgb8zztd0SPDXdipKK5e-6j_yye28AyU/getUpdates "HTTP/1.1 200 OK"
2026-07-07 21:10:29,245 - HTTP Request: POST https://api.telegram.org/bot8883943020:AAHlgb8zztd0SPDXdipKK5e-6j_yye28AyU/getUpdates "HTTP/1.1 200 OK"
2026-07-07 21:10:39,457 - HTTP Request: POST https://api.telegram.org/bot8883943020:AAHlgb8zztd0SPDXdipKK5e-6j_yye28AyU/getUpdates "HTTP/1.1 200 OK"
2026-07-07 21:10:49,682 - HTTP Request: POST https://api.telegram.org/bot8883943020:AAHlgb8zztd0SPDXdipKK5e-6j_yye28AyU/getUpdates "HTTP/1.1 200 OK"
2026-07-07 21:10:59,884 - HTTP Request: POST https://api.telegram.org/bot8883943020:AAHlgb8zztd0SPDXdipKK5e-6j_yye28AyU/getUpdates "HTTP/1.1 200 OK"
2026-07-07 21:11:10,087 - HTTP Request: POST https://api.telegram.org/bot8883943020:AAHlgb8zztd0SPDXdipKK5e-6j_yye28AyU/getUpdates "HTTP/1.1 200 OK"
2026-07-07 21:11:20,290 - HTTP Request: POST https://api.telegram.org/bot8883943020:AAHlgb8zztd0SPDXdipKK5e-6j_yye28AyU/getUpdates "HTTP/1.1 200 OK"
2026-07-07 21:11:30,488 - HTTP Request: POST https://api.telegram.org/bot8883943020:AAHlgb8zztd0SPDXdipKK5e-6j_yye28AyU/getUpdates "HTTP/1.1 200 OK"
2026-07-07 21:11:40,688 - HTTP Request: POST https://api.telegram.org/bot8883943020:AAHlgb8zztd0SPDXdipKK5e-6j_yye28AyU/getUpdates "HTTP/1.1 200 OK"
2026-07-07 21:11:51,582 - HTTP Request: POST https://api.telegram.org/bot8883943020:AAHlgb8zztd0SPDXdipKK5e-6j_yye28AyU/getUpdates "HTTP/1.1 200 OK"
2026-07-07 21:12:01,782 - HTTP Request: POST https://api.telegram.org/bot8883943020:AAHlgb8zztd0SPDXdipKK5e-6j_yye28AyU/getUpdates "HTTP/1.1 200 OK"
2026-07-07 21:12:11,996 - HTTP Request: POST https://api.telegram.org/bot8883943020:AAHlgb8zztd0SPDXdipKK5e-6j_yye28AyU/getUpdates "HTTP/1.1 200 OK"
2026-07-07 21:12:22,206 - HTTP Request: POST https://api.telegram.org/bot8883943020:AAHlgb8zztd0SPDXdipKK5e-6j_yye28AyU/getUpdates "HTTP/1.1 200 OK"
2026-07-07 21:12:32,403 - HTTP Request: POST https://api.telegram.org/bot8883943020:AAHlgb8zztd0SPDXdipKK5e-6j_yye28AyU/getUpdates "HTTP/1.1 200 OK"
2026-07-07 21:12:42,628 - HTTP Request: POST https://api.telegram.org/bot8883943020:AAHlgb8zztd0SPDXdipKK5e-6j_yye28AyU/getUpdates "HTTP/1.1 200 OK"
2026-07-07 21:12:52,840 - HTTP Request: POST https://api.telegram.org/bot8883943020:AAHlgb8zztd0SPDXdipKK5e-6j_yye28AyU/getUpdates "HTTP/1.1 200 OK"
2026-07-07 21:13:03,050 - HTTP Request: POST https://api.telegram.org/bot8883943020:AAHlgb8zztd0SPDXdipKK5e-6j_yye28AyU/getUpdates "HTTP/1.1 200 OK"
2026-07-07 21:13:13,262 - HTTP Request: POST https://api.telegram.org/bot8883943020:AAHlgb8zztd0SPDXdipKK5e-6j_yye28AyU/getUpdates "HTTP/1.1 200 OK"
2026-07-07 21:13:23,461 - HTTP Request: POST https://api.telegram.org/bot8883943020:AAHlgb8zztd0SPDXdipKK5e-6j_yye28AyU/getUpdates "HTTP/1.1 200 OK"
2026-07-07 21:13:33,678 - HTTP Request: POST https://api.telegram.org/bot8883943020:AAHlgb8zztd0SPDXdipKK5e-6j_yye28AyU/getUpdates "HTTP/1.1 200 OK"
2026-07-07 21:13:43,876 - HTTP Request: POST https://api.telegram.org/bot8883943020:AAHlgb8zztd0SPDXdipKK5e-6j_yye28AyU/getUpdates "HTTP/1.1 200 OK"
2026-07-07 21:13:54,100 - HTTP Request: POST https://api.telegram.org/bot8883943020:AAHlgb8zztd0SPDXdipKK5e-6j_yye28AyU/getUpdates "HTTP/1.1 200 OK"
2026-07-07 21:14:04,486 - HTTP Request: POST https://api.telegram.org/bot8883943020:AAHlgb8zztd0SPDXdipKK5e-6j_yye28AyU/getUpdates "HTTP/1.1 200 OK"
2026-07-07 21:14:14,691 - HTTP Request: POST https://api.telegram.org/bot8883943020:AAHlgb8zztd0SPDXdipKK5e-6j_yye28AyU/getUpdates "HTTP/1.1 200 OK"
2026-07-07 21:14:24,891 - HTTP Request: POST https://api.telegram.org/bot8883943020:AAHlgb8zztd0SPDXdipKK5e-6j_yye28AyU/getUpdates "HTTP/1.1 200 OK"
2026-07-07 21:14:35,115 - HTTP Request: POST https://api.telegram.org/bot8883943020:AAHlgb8zztd0SPDXdipKK5e-6j_yye28AyU/getUpdates "HTTP/1.1 200 OK"
2026-07-07 21:14:45,343 - HTTP Request: POST https://api.telegram.org/bot8883943020:AAHlgb8zztd0SPDXdipKK5e-6j_yye28AyU/getUpdates "HTTP/1.1 200 OK"
2026-07-07 21:14:55,549 - HTTP Request: POST https://api.telegram.org/bot8883943020:AAHlgb8zztd0SPDXdipKK5e-6j_yye28AyU/getUpdates "HTTP/1.1 200 OK"
2026-07-07 21:15:05,748 - HTTP Request: POST https://api.telegram.org/bot8883943020:AAHlgb8zztd0SPDXdipKK5e-6j_yye28AyU/getUpdates "HTTP/1.1 200 OK"
2026-07-07 21:15:15,966 - HTTP Request: POST https://api.telegram.org/bot8883943020:AAHlgb8zztd0SPDXdipKK5e-6j_yye28AyU/getUpdates "HTTP/1.1 200 OK"
2026-07-07 21:15:26,187 - HTTP Request: POST https://api.telegram.org/bot8883943020:AAHlgb8zztd0SPDXdipKK5e-6j_yye28AyU/getUpdates "HTTP/1.1 200 OK"
2026-07-07 21:15:36,385 - HTTP Request: POST https://api.telegram.org/bot8883943020:AAHlgb8zztd0SPDXdipKK5e-6j_yye28AyU/getUpdates "HTTP/1.1 200 OK"
2026-07-07 21:15:46,588 - HTTP Request: POST https://api.telegram.org/bot8883943020:AAHlgb8zztd0SPDXdipKK5e-6j_yye28AyU/getUpdates "HTTP/1.1 200 OK"
2026-07-07 21:15:56,783 - HTTP Request: POST https://api.telegram.org/bot8883943020:AAHlgb8zztd0SPDXdipKK5e-6j_yye28AyU/getUpdates "HTTP/1.1 200 OK"
2026-07-07 21:16:06,984 - HTTP Request: POST https://api.telegram.org/bot8883943020:AAHlgb8zztd0SPDXdipKK5e-6j_yye28AyU/getUpdates "HTTP/1.1 200 OK"
2026-07-07 21:16:17,211 - HTTP Request: POST https://api.telegram.org/bot8883943020:AAHlgb8zztd0SPDXdipKK5e-6j_yye28AyU/getUpdates "HTTP/1.1 200 OK"
2026-07-07 21:16:27,407 - HTTP Request: POST https://api.telegram.org/bot8883943020:AAHlgb8zztd0SPDXdipKK5e-6j_yye28AyU/getUpdates "HTTP/1.1 200 OK"
2026-07-07 21:16:37,723 - HTTP Request: POST https://api.telegram.org/bot8883943020:AAHlgb8zztd0SPDXdipKK5e-6j_yye28AyU/getUpdates "HTTP/1.1 200 OK"
2026-07-07 21:16:47,927 - HTTP Request: POST https://api.telegram.org/bot8883943020:AAHlgb8zztd0SPDXdipKK5e-6j_yye28AyU/getUpdates "HTTP/1.1 200 OK"
2026-07-07 21:16:58,128 - HTTP Request: POST https://api.telegram.org/bot8883943020:AAHlgb8zztd0SPDXdipKK5e-6j_yye28AyU/getUpdates "HTTP/1.1 200 OK"
2026-07-07 21:17:08,349 - HTTP Request: POST https://api.telegram.org/bot8883943020:AAHlgb8zztd0SPDXdipKK5e-6j_yye28AyU/getUpdates "HTTP/1.1 200 OK"
2026-07-07 21:17:18,545 - HTTP Request: POST https://api.telegram.org/bot8883943020:AAHlgb8zztd0SPDXdipKK5e-6j_yye28AyU/getUpdates "HTTP/1.1 200 OK"
2026-07-07 21:17:28,740 - HTTP Request: POST https://api.telegram.org/bot8883943020:AAHlgb8zztd0SPDXdipKK5e-6j_yye28AyU/getUpdates "HTTP/1.1 200 OK"
2026-07-07 21:17:38,920 - HTTP Request: POST https://api.telegram.org/bot8883943020:AAHlgb8zztd0SPDXdipKK5e-6j_yye28AyU/getUpdates "HTTP/1.1 200 OK"
2026-07-07 21:17:49,129 - HTTP Request: POST https://api.telegram.org/bot8883943020:AAHlgb8zztd0SPDXdipKK5e-6j_yye28AyU/getUpdates "HTTP/1.1 200 OK"
2026-07-07 21:17:59,324 - HTTP Request: POST https://api.telegram.org/bot8883943020:AAHlgb8zztd0SPDXdipKK5e-6j_yye28AyU/getUpdates "HTTP/1.1 200 OK"
2026-07-07 21:18:09,517 - HTTP Request: POST https://api.telegram.org/bot8883943020:AAHlgb8zztd0SPDXdipKK5e-6j_yye28AyU/getUpdates "HTTP/1.1 200 OK"
2026-07-07 21:18:19,699 - HTTP Request: POST https://api.telegram.org/bot8883943020:AAHlgb8zztd0SPDXdipKK5e-6j_yye28AyU/getUpdates "HTTP/1.1 200 OK"
2026-07-07 21:18:29,882 - HTTP Request: POST https://api.telegram.org/bot8883943020:AAHlgb8zztd0SPDXdipKK5e-6j_yye28AyU/getUpdates "HTTP/1.1 200 OK"
2026-07-07 21:18:40,071 - HTTP Request: POST https://api.telegram.org/bot8883943020:AAHlgb8zztd0SPDXdipKK5e-6j_yye28AyU/getUpdates "HTTP/1.1 200 OK"
2026-07-07 21:18:50,268 - HTTP Request: POST https://api.telegram.org/bot8883943020:AAHlgb8zztd0SPDXdipKK5e-6j_yye28AyU/getUpdates "HTTP/1.1 200 OK"
2026-07-07 21:19:00,457 - HTTP Request: POST https://api.telegram.org/bot8883943020:AAHlgb8zztd0SPDXdipKK5e-6j_yye28AyU/getUpdates "HTTP/1.1 200 OK"
2026-07-07 21:19:10,649 - HTTP Request: POST https://api.telegram.org/bot8883943020:AAHlgb8zztd0SPDXdipKK5e-6j_yye28AyU/getUpdates "HTTP/1.1 200 OK"
2026-07-07 21:19:20,876 - HTTP Request: POST https://api.telegram.org/bot8883943020:AAHlgb8zztd0SPDXdipKK5e-6j_yye28AyU/getUpdates "HTTP/1.1 200 OK"
2026-07-07 21:19:31,073 - HTTP Request: POST https://api.telegram.org/bot8883943020:AAHlgb8zztd0SPDXdipKK5e-6j_yye28AyU/getUpdates "HTTP/1.1 200 OK"
2026-07-07 21:19:41,285 - HTTP Request: POST https://api.telegram.org/bot8883943020:AAHlgb8zztd0SPDXdipKK5e-6j_yye28AyU/getUpdates "HTTP/1.1 200 OK"
2026-07-07 21:19:51,507 - HTTP Request: POST https://api.telegram.org/bot8883943020:AAHlgb8zztd0SPDXdipKK5e-6j_yye28AyU/getUpdates "HTTP/1.1 200 OK"
2026-07-07 21:20:01,705 - HTTP Request: POST https://api.telegram.org/bot8883943020:AAHlgb8zztd0SPDXdipKK5e-6j_yye28AyU/getUpdates "HTTP/1.1 200 OK"
2026-07-07 21:20:11,921 - HTTP Request: POST https://api.telegram.org/bot8883943020:AAHlgb8zztd0SPDXdipKK5e-6j_yye28AyU/getUpdates "HTTP/1.1 200 OK"
2026-07-07 21:20:22,158 - HTTP Request: POST https://api.telegram.org/bot8883943020:AAHlgb8zztd0SPDXdipKK5e-6j_yye28AyU/getUpdates "HTTP/1.1 200 OK"
2026-07-07 21:20:32,351 - HTTP Request: POST https://api.telegram.org/bot8883943020:AAHlgb8zztd0SPDXdipKK5e-6j_yye28AyU/getUpdates "HTTP/1.1 200 OK"
2026-07-07 21:20:42,580 - HTTP Request: POST https://api.telegram.org/bot8883943020:AAHlgb8zztd0SPDXdipKK5e-6j_yye28AyU/getUpdates "HTTP/1.1 200 OK"
2026-07-07 21:20:52,785 - HTTP Request: POST https://api.telegram.org/bot8883943020:AAHlgb8zztd0SPDXdipKK5e-6j_yye28AyU/getUpdates "HTTP/1.1 200 OK"
2026-07-07 21:21:02,987 - HTTP Request: POST https://api.telegram.org/bot8883943020:AAHlgb8zztd0SPDXdipKK5e-6j_yye28AyU/getUpdates "HTTP/1.1 200 OK"
2026-07-07 21:21:13,210 - HTTP Request: POST https://api.telegram.org/bot8883943020:AAHlgb8zztd0SPDXdipKK5e-6j_yye28AyU/getUpdates "HTTP/1.1 200 OK"
2026-07-07 21:21:23,411 - HTTP Request: POST https://api.telegram.org/bot8883943020:AAHlgb8zztd0SPDXdipKK5e-6j_yye28AyU/getUpdates "HTTP/1.1 200 OK"
2026-07-07 21:21:33,619 - HTTP Request: POST https://api.telegram.org/bot8883943020:AAHlgb8zztd0SPDXdipKK5e-6j_yye28AyU/getUpdates "HTTP/1.1 200 OK"
2026-07-07 21:21:43,828 - HTTP Request: POST https://api.telegram.org/bot8883943020:AAHlgb8zztd0SPDXdipKK5e-6j_yye28AyU/getUpdates "HTTP/1.1 200 OK"
2026-07-07 21:21:54,037 - HTTP Request: POST https://api.telegram.org/bot8883943020:AAHlgb8zztd0SPDXdipKK5e-6j_yye28AyU/getUpdates "HTTP/1.1 200 OK"
2026-07-07 21:22:04,250 - HTTP Request: POST https://api.telegram.org/bot8883943020:AAHlgb8zztd0SPDXdipKK5e-6j_yye28AyU/getUpdates "HTTP/1.1 200 OK"
2026-07-07 21:22:14,474 - HTTP Request: POST https://api.telegram.org/bot8883943020:AAHlgb8zztd0SPDXdipKK5e-6j_yye28AyU/getUpdates "HTTP/1.1 200 OK"
2026-07-07 21:22:24,684 - HTTP Request: POST https://api.telegram.org/bot8883943020:AAHlgb8zztd0SPDXdipKK5e-6j_yye28AyU/getUpdates "HTTP/1.1 200 OK"
2026-07-07 21:22:34,890 - HTTP Request: POST https://api.telegram.org/bot8883943020:AAHlgb8zztd0SPDXdipKK5e-6j_yye28AyU/getUpdates "HTTP/1.1 200 OK"
2026-07-07 21:22:45,095 - HTTP Request: POST https://api.telegram.org/bot8883943020:AAHlgb8zztd0SPDXdipKK5e-6j_yye28AyU/getUpdates "HTTP/1.1 200 OK"
2026-07-07 21:22:55,307 - HTTP Request: POST https://api.telegram.org/bot8883943020:AAHlgb8zztd0SPDXdipKK5e-6j_yye28AyU/getUpdates "HTTP/1.1 200 OK"
2026-07-07 21:23:05,507 - HTTP Request: POST https://api.telegram.org/bot8883943020:AAHlgb8zztd0SPDXdipKK5e-6j_yye28AyU/getUpdates "HTTP/1.1 200 OK"
2026-07-07 21:23:15,714 - HTTP Request: POST https://api.telegram.org/bot8883943020:AAHlgb8zztd0SPDXdipKK5e-6j_yye28AyU/getUpdates "HTTP/1.1 200 OK"
2026-07-07 21:23:25,918 - HTTP Request: POST https://api.telegram.org/bot8883943020:AAHlgb8zztd0SPDXdipKK5e-6j_yye28AyU/getUpdates "HTTP/1.1 200 OK"
2026-07-07 21:23:36,123 - HTTP Request: POST https://api.telegram.org/bot8883943020:AAHlgb8zztd0SPDXdipKK5e-6j_yye28AyU/getUpdates "HTTP/1.1 200 OK"
2026-07-07 21:23:46,330 - HTTP Request: POST https://api.telegram.org/bot8883943020:AAHlgb8zztd0SPDXdipKK5e-6j_yye28AyU/getUpdates "HTTP/1.1 200 OK"
2026-07-07 21:23:56,531 - HTTP Request: POST https://api.telegram.org/bot8883943020:AAHlgb8zztd0SPDXdipKK5e-6j_yye28AyU/getUpdates "HTTP/1.1 200 OK"
2026-07-07 21:24:06,748 - HTTP Request: POST https://api.telegram.org/bot8883943020:AAHlgb8zztd0SPDXdipKK5e-6j_yye28AyU/getUpdates "HTTP/1.1 200 OK"
2026-07-07 21:24:16,957 - HTTP Request: POST https://api.telegram.org/bot8883943020:AAHlgb8zztd0SPDXdipKK5e-6j_yye28AyU/getUpdates "HTTP/1.1 200 OK"
2026-07-07 21:24:27,170 - HTTP Request: POST https://api.telegram.org/bot8883943020:AAHlgb8zztd0SPDXdipKK5e-6j_yye28AyU/getUpdates "HTTP/1.1 200 OK"
2026-07-07 21:24:37,376 - HTTP Request: POST https://api.telegram.org/bot8883943020:AAHlgb8zztd0SPDXdipKK5e-6j_yye28AyU/getUpdates "HTTP/1.1 200 OK"
2026-07-07 21:24:47,596 - HTTP Request: POST https://api.telegram.org/bot8883943020:AAHlgb8zztd0SPDXdipKK5e-6j_yye28AyU/getUpdates "HTTP/1.1 200 OK"
