2026-07-07 20:58:17,528 - Adding job tentatively -- it will be properly scheduled when the scheduler starts
2026-07-07 20:58:17,528 - ✅ JobQueue: daily backup scheduled.
2026-07-07 20:58:17,528 - 🚀 Bot starting...
2026-07-07 20:58:18,655 - HTTP Request: POST https://api.telegram.org/bot8010407192:AAH-9yMHbBsxcUE4Ss4WEkCVMX_U_a901C8/getMe "HTTP/1.1 200 OK"
2026-07-07 20:58:18,729 - ✅ DB ready. Loaded 1 managers, 0 extra admins.
2026-07-07 20:58:18,910 - HTTP Request: POST https://api.telegram.org/bot8010407192:AAH-9yMHbBsxcUE4Ss4WEkCVMX_U_a901C8/deleteWebhook "HTTP/1.1 200 OK"
2026-07-07 20:58:18,917 - Added job "job_daily_backup" to job store "default"
2026-07-07 20:58:18,917 - Scheduler started
2026-07-07 20:58:18,917 - Application started
2026-07-07 20:58:29,526 - HTTP Request: POST https://api.telegram.org/bot8010407192:AAH-9yMHbBsxcUE4Ss4WEkCVMX_U_a901C8/getUpdates "HTTP/1.1 200 OK"
2026-07-07 20:58:39,752 - HTTP Request: POST https://api.telegram.org/bot8010407192:AAH-9yMHbBsxcUE4Ss4WEkCVMX_U_a901C8/getUpdates "HTTP/1.1 200 OK"
2026-07-07 20:58:49,956 - HTTP Request: POST https://api.telegram.org/bot8010407192:AAH-9yMHbBsxcUE4Ss4WEkCVMX_U_a901C8/getUpdates "HTTP/1.1 200 OK"
2026-07-07 20:59:00,163 - HTTP Request: POST https://api.telegram.org/bot8010407192:AAH-9yMHbBsxcUE4Ss4WEkCVMX_U_a901C8/getUpdates "HTTP/1.1 200 OK"
2026-07-07 20:59:10,363 - HTTP Request: POST https://api.telegram.org/bot8010407192:AAH-9yMHbBsxcUE4Ss4WEkCVMX_U_a901C8/getUpdates "HTTP/1.1 200 OK"
2026-07-07 20:59:20,572 - HTTP Request: POST https://api.telegram.org/bot8010407192:AAH-9yMHbBsxcUE4Ss4WEkCVMX_U_a901C8/getUpdates "HTTP/1.1 200 OK"
2026-07-07 20:59:30,785 - HTTP Request: POST https://api.telegram.org/bot8010407192:AAH-9yMHbBsxcUE4Ss4WEkCVMX_U_a901C8/getUpdates "HTTP/1.1 200 OK"
2026-07-07 20:59:41,001 - HTTP Request: POST https://api.telegram.org/bot8010407192:AAH-9yMHbBsxcUE4Ss4WEkCVMX_U_a901C8/getUpdates "HTTP/1.1 200 OK"
2026-07-07 20:59:51,213 - HTTP Request: POST https://api.telegram.org/bot8010407192:AAH-9yMHbBsxcUE4Ss4WEkCVMX_U_a901C8/getUpdates "HTTP/1.1 200 OK"
2026-07-07 21:00:01,419 - HTTP Request: POST https://api.telegram.org/bot8010407192:AAH-9yMHbBsxcUE4Ss4WEkCVMX_U_a901C8/getUpdates "HTTP/1.1 200 OK"
2026-07-07 21:00:11,628 - HTTP Request: POST https://api.telegram.org/bot8010407192:AAH-9yMHbBsxcUE4Ss4WEkCVMX_U_a901C8/getUpdates "HTTP/1.1 200 OK"
2026-07-07 21:00:21,861 - HTTP Request: POST https://api.telegram.org/bot8010407192:AAH-9yMHbBsxcUE4Ss4WEkCVMX_U_a901C8/getUpdates "HTTP/1.1 200 OK"
2026-07-07 21:00:32,058 - HTTP Request: POST https://api.telegram.org/bot8010407192:AAH-9yMHbBsxcUE4Ss4WEkCVMX_U_a901C8/getUpdates "HTTP/1.1 200 OK"
2026-07-07 21:00:42,260 - HTTP Request: POST https://api.telegram.org/bot8010407192:AAH-9yMHbBsxcUE4Ss4WEkCVMX_U_a901C8/getUpdates "HTTP/1.1 200 OK"
2026-07-07 21:00:52,477 - HTTP Request: POST https://api.telegram.org/bot8010407192:AAH-9yMHbBsxcUE4Ss4WEkCVMX_U_a901C8/getUpdates "HTTP/1.1 200 OK"
2026-07-07 21:01:02,717 - HTTP Request: POST https://api.telegram.org/bot8010407192:AAH-9yMHbBsxcUE4Ss4WEkCVMX_U_a901C8/getUpdates "HTTP/1.1 200 OK"
2026-07-07 21:01:12,919 - HTTP Request: POST https://api.telegram.org/bot8010407192:AAH-9yMHbBsxcUE4Ss4WEkCVMX_U_a901C8/getUpdates "HTTP/1.1 200 OK"
2026-07-07 21:01:23,117 - HTTP Request: POST https://api.telegram.org/bot8010407192:AAH-9yMHbBsxcUE4Ss4WEkCVMX_U_a901C8/getUpdates "HTTP/1.1 200 OK"
2026-07-07 21:01:33,330 - HTTP Request: POST https://api.telegram.org/bot8010407192:AAH-9yMHbBsxcUE4Ss4WEkCVMX_U_a901C8/getUpdates "HTTP/1.1 200 OK"
2026-07-07 21:01:43,529 - HTTP Request: POST https://api.telegram.org/bot8010407192:AAH-9yMHbBsxcUE4Ss4WEkCVMX_U_a901C8/getUpdates "HTTP/1.1 200 OK"
2026-07-07 21:01:53,771 - HTTP Request: POST https://api.telegram.org/bot8010407192:AAH-9yMHbBsxcUE4Ss4WEkCVMX_U_a901C8/getUpdates "HTTP/1.1 200 OK"
2026-07-07 21:02:03,991 - HTTP Request: POST https://api.telegram.org/bot8010407192:AAH-9yMHbBsxcUE4Ss4WEkCVMX_U_a901C8/getUpdates "HTTP/1.1 200 OK"
2026-07-07 21:02:14,210 - HTTP Request: POST https://api.telegram.org/bot8010407192:AAH-9yMHbBsxcUE4Ss4WEkCVMX_U_a901C8/getUpdates "HTTP/1.1 200 OK"
2026-07-07 21:02:24,422 - HTTP Request: POST https://api.telegram.org/bot8010407192:AAH-9yMHbBsxcUE4Ss4WEkCVMX_U_a901C8/getUpdates "HTTP/1.1 200 OK"
2026-07-07 21:02:34,650 - HTTP Request: POST https://api.telegram.org/bot8010407192:AAH-9yMHbBsxcUE4Ss4WEkCVMX_U_a901C8/getUpdates "HTTP/1.1 200 OK"
2026-07-07 21:02:44,859 - HTTP Request: POST https://api.telegram.org/bot8010407192:AAH-9yMHbBsxcUE4Ss4WEkCVMX_U_a901C8/getUpdates "HTTP/1.1 200 OK"
2026-07-07 21:02:55,090 - HTTP Request: POST https://api.telegram.org/bot8010407192:AAH-9yMHbBsxcUE4Ss4WEkCVMX_U_a901C8/getUpdates "HTTP/1.1 200 OK"
2026-07-07 21:03:05,304 - HTTP Request: POST https://api.telegram.org/bot8010407192:AAH-9yMHbBsxcUE4Ss4WEkCVMX_U_a901C8/getUpdates "HTTP/1.1 200 OK"
2026-07-07 21:03:15,542 - HTTP Request: POST https://api.telegram.org/bot8010407192:AAH-9yMHbBsxcUE4Ss4WEkCVMX_U_a901C8/getUpdates "HTTP/1.1 200 OK"
2026-07-07 21:03:21,193 - HTTP Request: POST https://api.telegram.org/bot8010407192:AAH-9yMHbBsxcUE4Ss4WEkCVMX_U_a901C8/getUpdates "HTTP/1.1 200 OK"
2026-07-07 21:03:22,168 - HTTP Request: POST https://api.telegram.org/bot8010407192:AAH-9yMHbBsxcUE4Ss4WEkCVMX_U_a901C8/sendChatAction "HTTP/1.1 200 OK"
2026-07-07 21:03:31,406 - HTTP Request: POST https://api.telegram.org/bot8010407192:AAH-9yMHbBsxcUE4Ss4WEkCVMX_U_a901C8/getUpdates "HTTP/1.1 200 OK"
2026-07-07 21:03:38,953 - HTTP Request: POST https://api.telegram.org/bot8010407192:AAH-9yMHbBsxcUE4Ss4WEkCVMX_U_a901C8/getUpdates "HTTP/1.1 200 OK"
2026-07-07 21:03:40,699 - HTTP Request: POST https://api.telegram.org/bot8010407192:AAH-9yMHbBsxcUE4Ss4WEkCVMX_U_a901C8/sendMessage "HTTP/1.1 200 OK"
2026-07-07 21:03:41,098 - HTTP Request: POST https://api.telegram.org/bot8010407192:AAH-9yMHbBsxcUE4Ss4WEkCVMX_U_a901C8/sendChatAction "HTTP/1.1 200 OK"
2026-07-07 21:03:48,806 - HTTP Request: POST https://api.telegram.org/bot8010407192:AAH-9yMHbBsxcUE4Ss4WEkCVMX_U_a901C8/getUpdates "HTTP/1.1 200 OK"
2026-07-07 21:03:58,929 - HTTP Request: POST https://api.telegram.org/bot8010407192:AAH-9yMHbBsxcUE4Ss4WEkCVMX_U_a901C8/sendMessage "HTTP/1.1 200 OK"
2026-07-07 21:03:59,016 - HTTP Request: POST https://api.telegram.org/bot8010407192:AAH-9yMHbBsxcUE4Ss4WEkCVMX_U_a901C8/getUpdates "HTTP/1.1 200 OK"
2026-07-07 21:03:59,354 - HTTP Request: POST https://api.telegram.org/bot8010407192:AAH-9yMHbBsxcUE4Ss4WEkCVMX_U_a901C8/sendMessage "HTTP/1.1 200 OK"
2026-07-07 21:04:09,226 - HTTP Request: POST https://api.telegram.org/bot8010407192:AAH-9yMHbBsxcUE4Ss4WEkCVMX_U_a901C8/getUpdates "HTTP/1.1 200 OK"
2026-07-07 21:04:19,428 - HTTP Request: POST https://api.telegram.org/bot8010407192:AAH-9yMHbBsxcUE4Ss4WEkCVMX_U_a901C8/getUpdates "HTTP/1.1 200 OK"
2026-07-07 21:04:24,466 - HTTP Request: POST https://api.telegram.org/bot8010407192:AAH-9yMHbBsxcUE4Ss4WEkCVMX_U_a901C8/getUpdates "HTTP/1.1 200 OK"
2026-07-07 21:04:25,462 - HTTP Request: POST https://api.telegram.org/bot8010407192:AAH-9yMHbBsxcUE4Ss4WEkCVMX_U_a901C8/sendMessage "HTTP/1.1 200 OK"
2026-07-07 21:04:28,600 - HTTP Request: POST https://api.telegram.org/bot8010407192:AAH-9yMHbBsxcUE4Ss4WEkCVMX_U_a901C8/getUpdates "HTTP/1.1 200 OK"
2026-07-07 21:04:28,971 - HTTP Request: POST https://api.telegram.org/bot8010407192:AAH-9yMHbBsxcUE4Ss4WEkCVMX_U_a901C8/answerCallbackQuery "HTTP/1.1 200 OK"
2026-07-07 21:04:29,410 - HTTP Request: POST https://api.telegram.org/bot8010407192:AAH-9yMHbBsxcUE4Ss4WEkCVMX_U_a901C8/sendMessage "HTTP/1.1 200 OK"
2026-07-07 21:04:38,820 - HTTP Request: POST https://api.telegram.org/bot8010407192:AAH-9yMHbBsxcUE4Ss4WEkCVMX_U_a901C8/getUpdates "HTTP/1.1 200 OK"
2026-07-07 21:04:48,254 - HTTP Request: POST https://api.telegram.org/bot8010407192:AAH-9yMHbBsxcUE4Ss4WEkCVMX_U_a901C8/getUpdates "HTTP/1.1 200 OK"
2026-07-07 21:04:49,082 - HTTP Request: POST https://api.telegram.org/bot8010407192:AAH-9yMHbBsxcUE4Ss4WEkCVMX_U_a901C8/sendMessage "HTTP/1.1 200 OK"
2026-07-07 21:04:49,971 - HTTP Request: POST https://api.telegram.org/bot8010407192:AAH-9yMHbBsxcUE4Ss4WEkCVMX_U_a901C8/getUpdates "HTTP/1.1 200 OK"
2026-07-07 21:04:50,427 - HTTP Request: POST https://api.telegram.org/bot8010407192:AAH-9yMHbBsxcUE4Ss4WEkCVMX_U_a901C8/sendMessage "HTTP/1.1 200 OK"
2026-07-07 21:04:51,907 - HTTP Request: POST https://api.telegram.org/bot8010407192:AAH-9yMHbBsxcUE4Ss4WEkCVMX_U_a901C8/getUpdates "HTTP/1.1 200 OK"
2026-07-07 21:04:52,396 - HTTP Request: POST https://api.telegram.org/bot8010407192:AAH-9yMHbBsxcUE4Ss4WEkCVMX_U_a901C8/sendMessage "HTTP/1.1 200 OK"
2026-07-07 21:04:53,422 - HTTP Request: POST https://api.telegram.org/bot8010407192:AAH-9yMHbBsxcUE4Ss4WEkCVMX_U_a901C8/getUpdates "HTTP/1.1 200 OK"
2026-07-07 21:04:53,894 - HTTP Request: POST https://api.telegram.org/bot8010407192:AAH-9yMHbBsxcUE4Ss4WEkCVMX_U_a901C8/sendMessage "HTTP/1.1 200 OK"
2026-07-07 21:04:54,864 - HTTP Request: POST https://api.telegram.org/bot8010407192:AAH-9yMHbBsxcUE4Ss4WEkCVMX_U_a901C8/getUpdates "HTTP/1.1 200 OK"
2026-07-07 21:04:55,292 - HTTP Request: POST https://api.telegram.org/bot8010407192:AAH-9yMHbBsxcUE4Ss4WEkCVMX_U_a901C8/sendMessage "HTTP/1.1 200 OK"
2026-07-07 21:04:56,384 - HTTP Request: POST https://api.telegram.org/bot8010407192:AAH-9yMHbBsxcUE4Ss4WEkCVMX_U_a901C8/getUpdates "HTTP/1.1 200 OK"
2026-07-07 21:04:56,856 - HTTP Request: POST https://api.telegram.org/bot8010407192:AAH-9yMHbBsxcUE4Ss4WEkCVMX_U_a901C8/sendMessage "HTTP/1.1 200 OK"
2026-07-07 21:04:58,115 - HTTP Request: POST https://api.telegram.org/bot8010407192:AAH-9yMHbBsxcUE4Ss4WEkCVMX_U_a901C8/getUpdates "HTTP/1.1 200 OK"
2026-07-07 21:04:58,608 - HTTP Request: POST https://api.telegram.org/bot8010407192:AAH-9yMHbBsxcUE4Ss4WEkCVMX_U_a901C8/sendMessage "HTTP/1.1 200 OK"
2026-07-07 21:05:08,320 - HTTP Request: POST https://api.telegram.org/bot8010407192:AAH-9yMHbBsxcUE4Ss4WEkCVMX_U_a901C8/getUpdates "HTTP/1.1 200 OK"
2026-07-07 21:05:18,515 - HTTP Request: POST https://api.telegram.org/bot8010407192:AAH-9yMHbBsxcUE4Ss4WEkCVMX_U_a901C8/getUpdates "HTTP/1.1 200 OK"
2026-07-07 21:05:28,715 - HTTP Request: POST https://api.telegram.org/bot8010407192:AAH-9yMHbBsxcUE4Ss4WEkCVMX_U_a901C8/getUpdates "HTTP/1.1 200 OK"
2026-07-07 21:05:38,914 - HTTP Request: POST https://api.telegram.org/bot8010407192:AAH-9yMHbBsxcUE4Ss4WEkCVMX_U_a901C8/getUpdates "HTTP/1.1 200 OK"
2026-07-07 21:05:49,111 - HTTP Request: POST https://api.telegram.org/bot8010407192:AAH-9yMHbBsxcUE4Ss4WEkCVMX_U_a901C8/getUpdates "HTTP/1.1 200 OK"
2026-07-07 21:05:59,316 - HTTP Request: POST https://api.telegram.org/bot8010407192:AAH-9yMHbBsxcUE4Ss4WEkCVMX_U_a901C8/getUpdates "HTTP/1.1 200 OK"
2026-07-07 21:06:09,529 - HTTP Request: POST https://api.telegram.org/bot8010407192:AAH-9yMHbBsxcUE4Ss4WEkCVMX_U_a901C8/getUpdates "HTTP/1.1 200 OK"
2026-07-07 21:06:19,739 - HTTP Request: POST https://api.telegram.org/bot8010407192:AAH-9yMHbBsxcUE4Ss4WEkCVMX_U_a901C8/getUpdates "HTTP/1.1 200 OK"
2026-07-07 21:06:29,945 - HTTP Request: POST https://api.telegram.org/bot8010407192:AAH-9yMHbBsxcUE4Ss4WEkCVMX_U_a901C8/getUpdates "HTTP/1.1 200 OK"
2026-07-07 21:06:40,175 - HTTP Request: POST https://api.telegram.org/bot8010407192:AAH-9yMHbBsxcUE4Ss4WEkCVMX_U_a901C8/getUpdates "HTTP/1.1 200 OK"
2026-07-07 21:06:50,381 - HTTP Request: POST https://api.telegram.org/bot8010407192:AAH-9yMHbBsxcUE4Ss4WEkCVMX_U_a901C8/getUpdates "HTTP/1.1 200 OK"
2026-07-07 21:07:00,580 - HTTP Request: POST https://api.telegram.org/bot8010407192:AAH-9yMHbBsxcUE4Ss4WEkCVMX_U_a901C8/getUpdates "HTTP/1.1 200 OK"
2026-07-07 21:07:10,792 - HTTP Request: POST https://api.telegram.org/bot8010407192:AAH-9yMHbBsxcUE4Ss4WEkCVMX_U_a901C8/getUpdates "HTTP/1.1 200 OK"
2026-07-07 21:07:21,000 - HTTP Request: POST https://api.telegram.org/bot8010407192:AAH-9yMHbBsxcUE4Ss4WEkCVMX_U_a901C8/getUpdates "HTTP/1.1 200 OK"
2026-07-07 21:07:31,210 - HTTP Request: POST https://api.telegram.org/bot8010407192:AAH-9yMHbBsxcUE4Ss4WEkCVMX_U_a901C8/getUpdates "HTTP/1.1 200 OK"
2026-07-07 21:07:41,412 - HTTP Request: POST https://api.telegram.org/bot8010407192:AAH-9yMHbBsxcUE4Ss4WEkCVMX_U_a901C8/getUpdates "HTTP/1.1 200 OK"
2026-07-07 21:07:51,615 - HTTP Request: POST https://api.telegram.org/bot8010407192:AAH-9yMHbBsxcUE4Ss4WEkCVMX_U_a901C8/getUpdates "HTTP/1.1 200 OK"
2026-07-07 21:08:01,829 - HTTP Request: POST https://api.telegram.org/bot8010407192:AAH-9yMHbBsxcUE4Ss4WEkCVMX_U_a901C8/getUpdates "HTTP/1.1 200 OK"
2026-07-07 21:08:12,030 - HTTP Request: POST https://api.telegram.org/bot8010407192:AAH-9yMHbBsxcUE4Ss4WEkCVMX_U_a901C8/getUpdates "HTTP/1.1 200 OK"
2026-07-07 21:08:22,234 - HTTP Request: POST https://api.telegram.org/bot8010407192:AAH-9yMHbBsxcUE4Ss4WEkCVMX_U_a901C8/getUpdates "HTTP/1.1 200 OK"
2026-07-07 21:08:32,436 - HTTP Request: POST https://api.telegram.org/bot8010407192:AAH-9yMHbBsxcUE4Ss4WEkCVMX_U_a901C8/getUpdates "HTTP/1.1 200 OK"
2026-07-07 21:08:42,635 - HTTP Request: POST https://api.telegram.org/bot8010407192:AAH-9yMHbBsxcUE4Ss4WEkCVMX_U_a901C8/getUpdates "HTTP/1.1 200 OK"
2026-07-07 21:08:52,867 - HTTP Request: POST https://api.telegram.org/bot8010407192:AAH-9yMHbBsxcUE4Ss4WEkCVMX_U_a901C8/getUpdates "HTTP/1.1 200 OK"
2026-07-07 21:09:03,071 - HTTP Request: POST https://api.telegram.org/bot8010407192:AAH-9yMHbBsxcUE4Ss4WEkCVMX_U_a901C8/getUpdates "HTTP/1.1 200 OK"
2026-07-07 21:09:13,271 - HTTP Request: POST https://api.telegram.org/bot8010407192:AAH-9yMHbBsxcUE4Ss4WEkCVMX_U_a901C8/getUpdates "HTTP/1.1 200 OK"
2026-07-07 21:09:23,475 - HTTP Request: POST https://api.telegram.org/bot8010407192:AAH-9yMHbBsxcUE4Ss4WEkCVMX_U_a901C8/getUpdates "HTTP/1.1 200 OK"
2026-07-07 21:09:33,684 - HTTP Request: POST https://api.telegram.org/bot8010407192:AAH-9yMHbBsxcUE4Ss4WEkCVMX_U_a901C8/getUpdates "HTTP/1.1 200 OK"
2026-07-07 21:09:43,897 - HTTP Request: POST https://api.telegram.org/bot8010407192:AAH-9yMHbBsxcUE4Ss4WEkCVMX_U_a901C8/getUpdates "HTTP/1.1 200 OK"
2026-07-07 21:09:54,108 - HTTP Request: POST https://api.telegram.org/bot8010407192:AAH-9yMHbBsxcUE4Ss4WEkCVMX_U_a901C8/getUpdates "HTTP/1.1 200 OK"
2026-07-07 21:10:04,319 - HTTP Request: POST https://api.telegram.org/bot8010407192:AAH-9yMHbBsxcUE4Ss4WEkCVMX_U_a901C8/getUpdates "HTTP/1.1 200 OK"
2026-07-07 21:10:14,534 - HTTP Request: POST https://api.telegram.org/bot8010407192:AAH-9yMHbBsxcUE4Ss4WEkCVMX_U_a901C8/getUpdates "HTTP/1.1 200 OK"
2026-07-07 21:10:24,774 - HTTP Request: POST https://api.telegram.org/bot8010407192:AAH-9yMHbBsxcUE4Ss4WEkCVMX_U_a901C8/getUpdates "HTTP/1.1 200 OK"
2026-07-07 21:10:34,971 - HTTP Request: POST https://api.telegram.org/bot8010407192:AAH-9yMHbBsxcUE4Ss4WEkCVMX_U_a901C8/getUpdates "HTTP/1.1 200 OK"
2026-07-07 21:10:45,177 - HTTP Request: POST https://api.telegram.org/bot8010407192:AAH-9yMHbBsxcUE4Ss4WEkCVMX_U_a901C8/getUpdates "HTTP/1.1 200 OK"
2026-07-07 21:10:55,378 - HTTP Request: POST https://api.telegram.org/bot8010407192:AAH-9yMHbBsxcUE4Ss4WEkCVMX_U_a901C8/getUpdates "HTTP/1.1 200 OK"
2026-07-07 21:11:05,604 - HTTP Request: POST https://api.telegram.org/bot8010407192:AAH-9yMHbBsxcUE4Ss4WEkCVMX_U_a901C8/getUpdates "HTTP/1.1 200 OK"
2026-07-07 21:11:15,807 - HTTP Request: POST https://api.telegram.org/bot8010407192:AAH-9yMHbBsxcUE4Ss4WEkCVMX_U_a901C8/getUpdates "HTTP/1.1 200 OK"
2026-07-07 21:11:26,066 - HTTP Request: POST https://api.telegram.org/bot8010407192:AAH-9yMHbBsxcUE4Ss4WEkCVMX_U_a901C8/getUpdates "HTTP/1.1 200 OK"
2026-07-07 21:11:36,298 - HTTP Request: POST https://api.telegram.org/bot8010407192:AAH-9yMHbBsxcUE4Ss4WEkCVMX_U_a901C8/getUpdates "HTTP/1.1 200 OK"
2026-07-07 21:11:46,492 - HTTP Request: POST https://api.telegram.org/bot8010407192:AAH-9yMHbBsxcUE4Ss4WEkCVMX_U_a901C8/getUpdates "HTTP/1.1 200 OK"
2026-07-07 21:11:56,697 - HTTP Request: POST https://api.telegram.org/bot8010407192:AAH-9yMHbBsxcUE4Ss4WEkCVMX_U_a901C8/getUpdates "HTTP/1.1 200 OK"
2026-07-07 21:12:06,911 - HTTP Request: POST https://api.telegram.org/bot8010407192:AAH-9yMHbBsxcUE4Ss4WEkCVMX_U_a901C8/getUpdates "HTTP/1.1 200 OK"
2026-07-07 21:12:17,119 - HTTP Request: POST https://api.telegram.org/bot8010407192:AAH-9yMHbBsxcUE4Ss4WEkCVMX_U_a901C8/getUpdates "HTTP/1.1 200 OK"
2026-07-07 21:12:27,324 - HTTP Request: POST https://api.telegram.org/bot8010407192:AAH-9yMHbBsxcUE4Ss4WEkCVMX_U_a901C8/getUpdates "HTTP/1.1 200 OK"
2026-07-07 21:12:37,536 - HTTP Request: POST https://api.telegram.org/bot8010407192:AAH-9yMHbBsxcUE4Ss4WEkCVMX_U_a901C8/getUpdates "HTTP/1.1 200 OK"
2026-07-07 21:12:47,738 - HTTP Request: POST https://api.telegram.org/bot8010407192:AAH-9yMHbBsxcUE4Ss4WEkCVMX_U_a901C8/getUpdates "HTTP/1.1 200 OK"
2026-07-07 21:12:57,954 - HTTP Request: POST https://api.telegram.org/bot8010407192:AAH-9yMHbBsxcUE4Ss4WEkCVMX_U_a901C8/getUpdates "HTTP/1.1 200 OK"
2026-07-07 21:13:08,161 - HTTP Request: POST https://api.telegram.org/bot8010407192:AAH-9yMHbBsxcUE4Ss4WEkCVMX_U_a901C8/getUpdates "HTTP/1.1 200 OK"
2026-07-07 21:13:18,369 - HTTP Request: POST https://api.telegram.org/bot8010407192:AAH-9yMHbBsxcUE4Ss4WEkCVMX_U_a901C8/getUpdates "HTTP/1.1 200 OK"
2026-07-07 21:13:28,586 - HTTP Request: POST https://api.telegram.org/bot8010407192:AAH-9yMHbBsxcUE4Ss4WEkCVMX_U_a901C8/getUpdates "HTTP/1.1 200 OK"
2026-07-07 21:13:38,827 - HTTP Request: POST https://api.telegram.org/bot8010407192:AAH-9yMHbBsxcUE4Ss4WEkCVMX_U_a901C8/getUpdates "HTTP/1.1 200 OK"
2026-07-07 21:13:49,058 - HTTP Request: POST https://api.telegram.org/bot8010407192:AAH-9yMHbBsxcUE4Ss4WEkCVMX_U_a901C8/getUpdates "HTTP/1.1 200 OK"
2026-07-07 21:13:59,269 - HTTP Request: POST https://api.telegram.org/bot8010407192:AAH-9yMHbBsxcUE4Ss4WEkCVMX_U_a901C8/getUpdates "HTTP/1.1 200 OK"
2026-07-07 21:14:09,478 - HTTP Request: POST https://api.telegram.org/bot8010407192:AAH-9yMHbBsxcUE4Ss4WEkCVMX_U_a901C8/getUpdates "HTTP/1.1 200 OK"
2026-07-07 21:14:19,683 - HTTP Request: POST https://api.telegram.org/bot8010407192:AAH-9yMHbBsxcUE4Ss4WEkCVMX_U_a901C8/getUpdates "HTTP/1.1 200 OK"
2026-07-07 21:14:29,884 - HTTP Request: POST https://api.telegram.org/bot8010407192:AAH-9yMHbBsxcUE4Ss4WEkCVMX_U_a901C8/getUpdates "HTTP/1.1 200 OK"
2026-07-07 21:14:40,087 - HTTP Request: POST https://api.telegram.org/bot8010407192:AAH-9yMHbBsxcUE4Ss4WEkCVMX_U_a901C8/getUpdates "HTTP/1.1 200 OK"
2026-07-07 21:14:50,322 - HTTP Request: POST https://api.telegram.org/bot8010407192:AAH-9yMHbBsxcUE4Ss4WEkCVMX_U_a901C8/getUpdates "HTTP/1.1 200 OK"
2026-07-07 21:15:00,530 - HTTP Request: POST https://api.telegram.org/bot8010407192:AAH-9yMHbBsxcUE4Ss4WEkCVMX_U_a901C8/getUpdates "HTTP/1.1 200 OK"
2026-07-07 21:15:10,739 - HTTP Request: POST https://api.telegram.org/bot8010407192:AAH-9yMHbBsxcUE4Ss4WEkCVMX_U_a901C8/getUpdates "HTTP/1.1 200 OK"
2026-07-07 21:15:21,004 - HTTP Request: POST https://api.telegram.org/bot8010407192:AAH-9yMHbBsxcUE4Ss4WEkCVMX_U_a901C8/getUpdates "HTTP/1.1 200 OK"
2026-07-07 21:15:31,216 - HTTP Request: POST https://api.telegram.org/bot8010407192:AAH-9yMHbBsxcUE4Ss4WEkCVMX_U_a901C8/getUpdates "HTTP/1.1 200 OK"
2026-07-07 21:15:41,445 - HTTP Request: POST https://api.telegram.org/bot8010407192:AAH-9yMHbBsxcUE4Ss4WEkCVMX_U_a901C8/getUpdates "HTTP/1.1 200 OK"
2026-07-07 21:15:51,654 - HTTP Request: POST https://api.telegram.org/bot8010407192:AAH-9yMHbBsxcUE4Ss4WEkCVMX_U_a901C8/getUpdates "HTTP/1.1 200 OK"
2026-07-07 21:16:01,870 - HTTP Request: POST https://api.telegram.org/bot8010407192:AAH-9yMHbBsxcUE4Ss4WEkCVMX_U_a901C8/getUpdates "HTTP/1.1 200 OK"
2026-07-07 21:16:12,081 - HTTP Request: POST https://api.telegram.org/bot8010407192:AAH-9yMHbBsxcUE4Ss4WEkCVMX_U_a901C8/getUpdates "HTTP/1.1 200 OK"
2026-07-07 21:16:22,293 - HTTP Request: POST https://api.telegram.org/bot8010407192:AAH-9yMHbBsxcUE4Ss4WEkCVMX_U_a901C8/getUpdates "HTTP/1.1 200 OK"
2026-07-07 21:16:32,515 - HTTP Request: POST https://api.telegram.org/bot8010407192:AAH-9yMHbBsxcUE4Ss4WEkCVMX_U_a901C8/getUpdates "HTTP/1.1 200 OK"
2026-07-07 21:16:42,736 - HTTP Request: POST https://api.telegram.org/bot8010407192:AAH-9yMHbBsxcUE4Ss4WEkCVMX_U_a901C8/getUpdates "HTTP/1.1 200 OK"
2026-07-07 21:16:52,949 - HTTP Request: POST https://api.telegram.org/bot8010407192:AAH-9yMHbBsxcUE4Ss4WEkCVMX_U_a901C8/getUpdates "HTTP/1.1 200 OK"
2026-07-07 21:17:03,151 - HTTP Request: POST https://api.telegram.org/bot8010407192:AAH-9yMHbBsxcUE4Ss4WEkCVMX_U_a901C8/getUpdates "HTTP/1.1 200 OK"
2026-07-07 21:17:13,365 - HTTP Request: POST https://api.telegram.org/bot8010407192:AAH-9yMHbBsxcUE4Ss4WEkCVMX_U_a901C8/getUpdates "HTTP/1.1 200 OK"
2026-07-07 21:17:23,557 - HTTP Request: POST https://api.telegram.org/bot8010407192:AAH-9yMHbBsxcUE4Ss4WEkCVMX_U_a901C8/getUpdates "HTTP/1.1 200 OK"
2026-07-07 21:17:33,762 - HTTP Request: POST https://api.telegram.org/bot8010407192:AAH-9yMHbBsxcUE4Ss4WEkCVMX_U_a901C8/getUpdates "HTTP/1.1 200 OK"
2026-07-07 21:17:43,952 - HTTP Request: POST https://api.telegram.org/bot8010407192:AAH-9yMHbBsxcUE4Ss4WEkCVMX_U_a901C8/getUpdates "HTTP/1.1 200 OK"
2026-07-07 21:17:54,187 - HTTP Request: POST https://api.telegram.org/bot8010407192:AAH-9yMHbBsxcUE4Ss4WEkCVMX_U_a901C8/getUpdates "HTTP/1.1 200 OK"
2026-07-07 21:18:04,378 - HTTP Request: POST https://api.telegram.org/bot8010407192:AAH-9yMHbBsxcUE4Ss4WEkCVMX_U_a901C8/getUpdates "HTTP/1.1 200 OK"
2026-07-07 21:18:14,575 - HTTP Request: POST https://api.telegram.org/bot8010407192:AAH-9yMHbBsxcUE4Ss4WEkCVMX_U_a901C8/getUpdates "HTTP/1.1 200 OK"
2026-07-07 21:18:24,762 - HTTP Request: POST https://api.telegram.org/bot8010407192:AAH-9yMHbBsxcUE4Ss4WEkCVMX_U_a901C8/getUpdates "HTTP/1.1 200 OK"
2026-07-07 21:18:34,956 - HTTP Request: POST https://api.telegram.org/bot8010407192:AAH-9yMHbBsxcUE4Ss4WEkCVMX_U_a901C8/getUpdates "HTTP/1.1 200 OK"
2026-07-07 21:18:45,191 - HTTP Request: POST https://api.telegram.org/bot8010407192:AAH-9yMHbBsxcUE4Ss4WEkCVMX_U_a901C8/getUpdates "HTTP/1.1 200 OK"
2026-07-07 21:18:55,385 - HTTP Request: POST https://api.telegram.org/bot8010407192:AAH-9yMHbBsxcUE4Ss4WEkCVMX_U_a901C8/getUpdates "HTTP/1.1 200 OK"
2026-07-07 21:19:05,575 - HTTP Request: POST https://api.telegram.org/bot8010407192:AAH-9yMHbBsxcUE4Ss4WEkCVMX_U_a901C8/getUpdates "HTTP/1.1 200 OK"
2026-07-07 21:19:15,773 - HTTP Request: POST https://api.telegram.org/bot8010407192:AAH-9yMHbBsxcUE4Ss4WEkCVMX_U_a901C8/getUpdates "HTTP/1.1 200 OK"
2026-07-07 21:19:25,980 - HTTP Request: POST https://api.telegram.org/bot8010407192:AAH-9yMHbBsxcUE4Ss4WEkCVMX_U_a901C8/getUpdates "HTTP/1.1 200 OK"
2026-07-07 21:19:36,191 - HTTP Request: POST https://api.telegram.org/bot8010407192:AAH-9yMHbBsxcUE4Ss4WEkCVMX_U_a901C8/getUpdates "HTTP/1.1 200 OK"
2026-07-07 21:19:46,397 - HTTP Request: POST https://api.telegram.org/bot8010407192:AAH-9yMHbBsxcUE4Ss4WEkCVMX_U_a901C8/getUpdates "HTTP/1.1 200 OK"
2026-07-07 21:19:56,606 - HTTP Request: POST https://api.telegram.org/bot8010407192:AAH-9yMHbBsxcUE4Ss4WEkCVMX_U_a901C8/getUpdates "HTTP/1.1 200 OK"
2026-07-07 21:20:06,813 - HTTP Request: POST https://api.telegram.org/bot8010407192:AAH-9yMHbBsxcUE4Ss4WEkCVMX_U_a901C8/getUpdates "HTTP/1.1 200 OK"
2026-07-07 21:20:17,031 - HTTP Request: POST https://api.telegram.org/bot8010407192:AAH-9yMHbBsxcUE4Ss4WEkCVMX_U_a901C8/getUpdates "HTTP/1.1 200 OK"
2026-07-07 21:20:27,243 - HTTP Request: POST https://api.telegram.org/bot8010407192:AAH-9yMHbBsxcUE4Ss4WEkCVMX_U_a901C8/getUpdates "HTTP/1.1 200 OK"
2026-07-07 21:20:37,461 - HTTP Request: POST https://api.telegram.org/bot8010407192:AAH-9yMHbBsxcUE4Ss4WEkCVMX_U_a901C8/getUpdates "HTTP/1.1 200 OK"
2026-07-07 21:20:47,670 - HTTP Request: POST https://api.telegram.org/bot8010407192:AAH-9yMHbBsxcUE4Ss4WEkCVMX_U_a901C8/getUpdates "HTTP/1.1 200 OK"
2026-07-07 21:20:57,893 - HTTP Request: POST https://api.telegram.org/bot8010407192:AAH-9yMHbBsxcUE4Ss4WEkCVMX_U_a901C8/getUpdates "HTTP/1.1 200 OK"
2026-07-07 21:21:08,114 - HTTP Request: POST https://api.telegram.org/bot8010407192:AAH-9yMHbBsxcUE4Ss4WEkCVMX_U_a901C8/getUpdates "HTTP/1.1 200 OK"
2026-07-07 21:21:18,328 - HTTP Request: POST https://api.telegram.org/bot8010407192:AAH-9yMHbBsxcUE4Ss4WEkCVMX_U_a901C8/getUpdates "HTTP/1.1 200 OK"
2026-07-07 21:21:28,542 - HTTP Request: POST https://api.telegram.org/bot8010407192:AAH-9yMHbBsxcUE4Ss4WEkCVMX_U_a901C8/getUpdates "HTTP/1.1 200 OK"
2026-07-07 21:21:38,753 - HTTP Request: POST https://api.telegram.org/bot8010407192:AAH-9yMHbBsxcUE4Ss4WEkCVMX_U_a901C8/getUpdates "HTTP/1.1 200 OK"
2026-07-07 21:21:48,977 - HTTP Request: POST https://api.telegram.org/bot8010407192:AAH-9yMHbBsxcUE4Ss4WEkCVMX_U_a901C8/getUpdates "HTTP/1.1 200 OK"
2026-07-07 21:21:59,187 - HTTP Request: POST https://api.telegram.org/bot8010407192:AAH-9yMHbBsxcUE4Ss4WEkCVMX_U_a901C8/getUpdates "HTTP/1.1 200 OK"
2026-07-07 21:22:09,409 - HTTP Request: POST https://api.telegram.org/bot8010407192:AAH-9yMHbBsxcUE4Ss4WEkCVMX_U_a901C8/getUpdates "HTTP/1.1 200 OK"
2026-07-07 21:22:19,667 - HTTP Request: POST https://api.telegram.org/bot8010407192:AAH-9yMHbBsxcUE4Ss4WEkCVMX_U_a901C8/getUpdates "HTTP/1.1 200 OK"
2026-07-07 21:22:29,883 - HTTP Request: POST https://api.telegram.org/bot8010407192:AAH-9yMHbBsxcUE4Ss4WEkCVMX_U_a901C8/getUpdates "HTTP/1.1 200 OK"
2026-07-07 21:22:40,096 - HTTP Request: POST https://api.telegram.org/bot8010407192:AAH-9yMHbBsxcUE4Ss4WEkCVMX_U_a901C8/getUpdates "HTTP/1.1 200 OK"
2026-07-07 21:22:50,317 - HTTP Request: POST https://api.telegram.org/bot8010407192:AAH-9yMHbBsxcUE4Ss4WEkCVMX_U_a901C8/getUpdates "HTTP/1.1 200 OK"
2026-07-07 21:23:00,534 - HTTP Request: POST https://api.telegram.org/bot8010407192:AAH-9yMHbBsxcUE4Ss4WEkCVMX_U_a901C8/getUpdates "HTTP/1.1 200 OK"
2026-07-07 21:23:10,745 - HTTP Request: POST https://api.telegram.org/bot8010407192:AAH-9yMHbBsxcUE4Ss4WEkCVMX_U_a901C8/getUpdates "HTTP/1.1 200 OK"
2026-07-07 21:23:20,959 - HTTP Request: POST https://api.telegram.org/bot8010407192:AAH-9yMHbBsxcUE4Ss4WEkCVMX_U_a901C8/getUpdates "HTTP/1.1 200 OK"
2026-07-07 21:23:31,173 - HTTP Request: POST https://api.telegram.org/bot8010407192:AAH-9yMHbBsxcUE4Ss4WEkCVMX_U_a901C8/getUpdates "HTTP/1.1 200 OK"
2026-07-07 21:23:41,390 - HTTP Request: POST https://api.telegram.org/bot8010407192:AAH-9yMHbBsxcUE4Ss4WEkCVMX_U_a901C8/getUpdates "HTTP/1.1 200 OK"
2026-07-07 21:23:51,612 - HTTP Request: POST https://api.telegram.org/bot8010407192:AAH-9yMHbBsxcUE4Ss4WEkCVMX_U_a901C8/getUpdates "HTTP/1.1 200 OK"
2026-07-07 21:24:01,829 - HTTP Request: POST https://api.telegram.org/bot8010407192:AAH-9yMHbBsxcUE4Ss4WEkCVMX_U_a901C8/getUpdates "HTTP/1.1 200 OK"
2026-07-07 21:24:12,041 - HTTP Request: POST https://api.telegram.org/bot8010407192:AAH-9yMHbBsxcUE4Ss4WEkCVMX_U_a901C8/getUpdates "HTTP/1.1 200 OK"
2026-07-07 21:24:22,256 - HTTP Request: POST https://api.telegram.org/bot8010407192:AAH-9yMHbBsxcUE4Ss4WEkCVMX_U_a901C8/getUpdates "HTTP/1.1 200 OK"
2026-07-07 21:24:32,470 - HTTP Request: POST https://api.telegram.org/bot8010407192:AAH-9yMHbBsxcUE4Ss4WEkCVMX_U_a901C8/getUpdates "HTTP/1.1 200 OK"
2026-07-07 21:24:42,679 - HTTP Request: POST https://api.telegram.org/bot8010407192:AAH-9yMHbBsxcUE4Ss4WEkCVMX_U_a901C8/getUpdates "HTTP/1.1 200 OK"
2026-07-07 21:24:52,894 - HTTP Request: POST https://api.telegram.org/bot8010407192:AAH-9yMHbBsxcUE4Ss4WEkCVMX_U_a901C8/getUpdates "HTTP/1.1 200 OK"
